============================================================
  Generated by:           Genus(TM) Synthesis Solution 19.11-s087_1
  Generated on:           Aug 16 2022  09:33:40 pm
  Module:                 mtm_riscv_chip
  Library domain:         WC_tc
    Domain index:         0
    Technology libraries: tcbn40lpbwpwc 120
                          ts1n40lpb4096x32m4m_ss0p99v125c v1.0
                          tpfn40lpgv2od3wc1 120a
  Library domain:         WCL_tc
    Domain index:         1
    Technology libraries: tcbn40lpbwpwcl 120
                          ts1n40lpb4096x32m4m_ss0p99vm40c v1.0
                          tpfn40lpgv2od3wcl1 120a
  Library domain:         WCZ_tc
    Domain index:         2
    Technology libraries: tcbn40lpbwpwcz 120
                          ts1n40lpb4096x32m4m_ss0p99v0c v1.0
                          tpfn40lpgv2od3wcz1 120a
  Library domain:         ML_tc
    Domain index:         3
    Technology libraries: tcbn40lpbwpml 120
                          ts1n40lpb4096x32m4m_ff1p21v125c v1.0
                          tpfn40lpgv2od3ml1 120a
  Library domain:         LT_tc
    Domain index:         4
    Technology libraries: tcbn40lpbwplt 120
                          ts1n40lpb4096x32m4m_ff1p21vm40c v1.0
                          tpfn40lpgv2od3lt1 120a
  Operating conditions:   WCCOM 
  Operating conditions:   WCLCOM 
  Operating conditions:   WCZCOM 
  Operating conditions:   MLCOM 
  Operating conditions:   LTCOM 
  Interconnect mode:      global
  Area mode:              physical library
============================================================

Timing
--------

Analysis view Clock  Period 
----------------------------
WC_av         Tclk  20000.0 
WCL_av        Tclk  20000.0 
WCZ_av        Tclk  20000.0 


Analysis   Cost   Critical        Violating 
  View    Group  Path Slack  TNS    Paths   
--------------------------------------------
WC_av    default   No paths  0.0          0 
            Tclk     3415.6  0.0          0 
--------------------------------------------
Total                       -0.0          0 
                                            
WCL_av   default   No paths  0.0          0 
            Tclk        1.2  0.0          0 
--------------------------------------------
Total                       -0.0          0 
                                            
WCZ_av   default   No paths  0.0          0 
            Tclk     1122.1  0.0          0 
--------------------------------------------
Total                       -0.0          0 
                                            

Instance Count
--------------
Leaf Instance Count             36993 
Physical Instance count             0 
Sequential Instance Count       11891 
Combinational Instance Count    25102 
Hierarchical Instance Count        61 

Area
----
Cell Area                          408032.712
Physical Cell Area                 0.000
Total Cell Area (Cell+Physical)    408032.712
Net Area                           35716.698
Total Area (Cell+Physical+Net)     443749.410

Max Fanout                         11891 (clk_core)
Min Fanout                         0 (gpio_out_core[4])
Average Fanout                     3.2
Terms to net ratio                 4.2673
Terms to instance ratio            4.4958
Runtime                            2834.1289289999986 seconds
Elapsed Runtime                    2645 seconds
Genus peak memory usage            2560.41 
Innovus peak memory usage          no_value 
Hostname                           localhost
